Determining if the function sgemm_ exists failed with the following output:
Change Dir: /mnt/d/GitLab_folder/Radar_and_application/application_usage/gmt-5.4.5/bin/CMakeFiles/CMakeTmp

Run Build Command(s):/usr/bin/make cmTC_075d4/fast && /usr/bin/make -f CMakeFiles/cmTC_075d4.dir/build.make CMakeFiles/cmTC_075d4.dir/build
make[1]: Entering directory '/mnt/d/GitLab_folder/Radar_and_application/application_usage/gmt-5.4.5/bin/CMakeFiles/CMakeTmp'
Building C object CMakeFiles/cmTC_075d4.dir/CheckFunctionExists.c.o
/usr/bin/cc   -std=gnu99  -DCHECK_FUNCTION_EXISTS=sgemm_   -o CMakeFiles/cmTC_075d4.dir/CheckFunctionExists.c.o   -c /usr/share/cmake-3.15/Modules/CheckFunctionExists.c
Linking C executable cmTC_075d4
/usr/bin/cmake -E cmake_link_script CMakeFiles/cmTC_075d4.dir/link.txt --verbose=1
/usr/bin/cc -std=gnu99  -DCHECK_FUNCTION_EXISTS=sgemm_    -rdynamic CMakeFiles/cmTC_075d4.dir/CheckFunctionExists.c.o  -o cmTC_075d4 
/usr/bin/ld: CMakeFiles/cmTC_075d4.dir/CheckFunctionExists.c.o: in function `main':
CheckFunctionExists.c:(.text+0x10): undefined reference to `sgemm_'
collect2: error: ld returned 1 exit status
make[1]: *** [CMakeFiles/cmTC_075d4.dir/build.make:87: cmTC_075d4] Error 1
make[1]: Leaving directory '/mnt/d/GitLab_folder/Radar_and_application/application_usage/gmt-5.4.5/bin/CMakeFiles/CMakeTmp'
make: *** [Makefile:121: cmTC_075d4/fast] Error 2



Performing C SOURCE FILE Test CMAKE_HAVE_LIBC_PTHREAD failed with the following output:
Change Dir: /mnt/d/GitLab_folder/Radar_and_application/application_usage/gmt-5.4.5/bin/CMakeFiles/CMakeTmp

Run Build Command(s):/usr/bin/make cmTC_f0183/fast && /usr/bin/make -f CMakeFiles/cmTC_f0183.dir/build.make CMakeFiles/cmTC_f0183.dir/build
make[1]: Entering directory '/mnt/d/GitLab_folder/Radar_and_application/application_usage/gmt-5.4.5/bin/CMakeFiles/CMakeTmp'
Building C object CMakeFiles/cmTC_f0183.dir/src.c.o
/usr/bin/cc   -std=gnu99  -DCMAKE_HAVE_LIBC_PTHREAD   -o CMakeFiles/cmTC_f0183.dir/src.c.o   -c /mnt/d/GitLab_folder/Radar_and_application/application_usage/gmt-5.4.5/bin/CMakeFiles/CMakeTmp/src.c
Linking C executable cmTC_f0183
/usr/bin/cmake -E cmake_link_script CMakeFiles/cmTC_f0183.dir/link.txt --verbose=1
/usr/bin/cc -std=gnu99  -DCMAKE_HAVE_LIBC_PTHREAD    -rdynamic CMakeFiles/cmTC_f0183.dir/src.c.o  -o cmTC_f0183 
/usr/bin/ld: CMakeFiles/cmTC_f0183.dir/src.c.o: in function `main':
src.c:(.text+0x2f): undefined reference to `pthread_create'
/usr/bin/ld: src.c:(.text+0x3b): undefined reference to `pthread_detach'
/usr/bin/ld: src.c:(.text+0x4c): undefined reference to `pthread_join'
collect2: error: ld returned 1 exit status
make[1]: *** [CMakeFiles/cmTC_f0183.dir/build.make:87: cmTC_f0183] Error 1
make[1]: Leaving directory '/mnt/d/GitLab_folder/Radar_and_application/application_usage/gmt-5.4.5/bin/CMakeFiles/CMakeTmp'
make: *** [Makefile:121: cmTC_f0183/fast] Error 2


Source file was:
#include <pthread.h>

void* test_func(void* data)
{
  return data;
}

int main(void)
{
  pthread_t thread;
  pthread_create(&thread, NULL, test_func, NULL);
  pthread_detach(thread);
  pthread_join(thread, NULL);
  pthread_atfork(NULL, NULL, NULL);
  pthread_exit(NULL);

  return 0;
}

Determining if the function pthread_create exists in the pthreads failed with the following output:
Change Dir: /mnt/d/GitLab_folder/Radar_and_application/application_usage/gmt-5.4.5/bin/CMakeFiles/CMakeTmp

Run Build Command(s):/usr/bin/make cmTC_f0631/fast && /usr/bin/make -f CMakeFiles/cmTC_f0631.dir/build.make CMakeFiles/cmTC_f0631.dir/build
make[1]: Entering directory '/mnt/d/GitLab_folder/Radar_and_application/application_usage/gmt-5.4.5/bin/CMakeFiles/CMakeTmp'
Building C object CMakeFiles/cmTC_f0631.dir/CheckFunctionExists.c.o
/usr/bin/cc   -std=gnu99  -DCHECK_FUNCTION_EXISTS=pthread_create   -o CMakeFiles/cmTC_f0631.dir/CheckFunctionExists.c.o   -c /usr/share/cmake-3.15/Modules/CheckFunctionExists.c
Linking C executable cmTC_f0631
/usr/bin/cmake -E cmake_link_script CMakeFiles/cmTC_f0631.dir/link.txt --verbose=1
/usr/bin/cc -std=gnu99  -DCHECK_FUNCTION_EXISTS=pthread_create    -rdynamic CMakeFiles/cmTC_f0631.dir/CheckFunctionExists.c.o  -o cmTC_f0631 -lpthreads 
/usr/bin/ld: cannot find -lpthreads
collect2: error: ld returned 1 exit status
make[1]: *** [CMakeFiles/cmTC_f0631.dir/build.make:87: cmTC_f0631] Error 1
make[1]: Leaving directory '/mnt/d/GitLab_folder/Radar_and_application/application_usage/gmt-5.4.5/bin/CMakeFiles/CMakeTmp'
make: *** [Makefile:121: cmTC_f0631/fast] Error 2



Determining if the function cheev_ exists failed with the following output:
Change Dir: /mnt/d/GitLab_folder/Radar_and_application/application_usage/gmt-5.4.5/bin/CMakeFiles/CMakeTmp

Run Build Command(s):/usr/bin/make cmTC_c63a2/fast && /usr/bin/make -f CMakeFiles/cmTC_c63a2.dir/build.make CMakeFiles/cmTC_c63a2.dir/build
make[1]: Entering directory '/mnt/d/GitLab_folder/Radar_and_application/application_usage/gmt-5.4.5/bin/CMakeFiles/CMakeTmp'
Building C object CMakeFiles/cmTC_c63a2.dir/CheckFunctionExists.c.o
/usr/bin/cc   -std=gnu99  -DCHECK_FUNCTION_EXISTS=cheev_   -o CMakeFiles/cmTC_c63a2.dir/CheckFunctionExists.c.o   -c /usr/share/cmake-3.15/Modules/CheckFunctionExists.c
Linking C executable cmTC_c63a2
/usr/bin/cmake -E cmake_link_script CMakeFiles/cmTC_c63a2.dir/link.txt --verbose=1
/usr/bin/cc -std=gnu99  -DCHECK_FUNCTION_EXISTS=cheev_    -rdynamic CMakeFiles/cmTC_c63a2.dir/CheckFunctionExists.c.o  -o cmTC_c63a2 /usr/lib/x86_64-linux-gnu/libblas.so 
/usr/bin/ld: CMakeFiles/cmTC_c63a2.dir/CheckFunctionExists.c.o: in function `main':
CheckFunctionExists.c:(.text+0x10): undefined reference to `cheev_'
collect2: error: ld returned 1 exit status
make[1]: *** [CMakeFiles/cmTC_c63a2.dir/build.make:88: cmTC_c63a2] Error 1
make[1]: Leaving directory '/mnt/d/GitLab_folder/Radar_and_application/application_usage/gmt-5.4.5/bin/CMakeFiles/CMakeTmp'
make: *** [Makefile:121: cmTC_c63a2/fast] Error 2



Determining if the include file io.h exists failed with the following output:
Change Dir: /mnt/d/GitLab_folder/Radar_and_application/application_usage/gmt-5.4.5/bin/CMakeFiles/CMakeTmp

Run Build Command(s):/usr/bin/make cmTC_74e28/fast && /usr/bin/make -f CMakeFiles/cmTC_74e28.dir/build.make CMakeFiles/cmTC_74e28.dir/build
make[1]: Entering directory '/mnt/d/GitLab_folder/Radar_and_application/application_usage/gmt-5.4.5/bin/CMakeFiles/CMakeTmp'
Building C object CMakeFiles/cmTC_74e28.dir/CheckIncludeFile.c.o
/usr/bin/cc   -std=gnu99     -o CMakeFiles/cmTC_74e28.dir/CheckIncludeFile.c.o   -c /mnt/d/GitLab_folder/Radar_and_application/application_usage/gmt-5.4.5/bin/CMakeFiles/CMakeTmp/CheckIncludeFile.c
/mnt/d/GitLab_folder/Radar_and_application/application_usage/gmt-5.4.5/bin/CMakeFiles/CMakeTmp/CheckIncludeFile.c:1:10: fatal error: io.h: No such file or directory
    1 | #include <io.h>
      |          ^~~~~~
compilation terminated.
make[1]: *** [CMakeFiles/cmTC_74e28.dir/build.make:66: CMakeFiles/cmTC_74e28.dir/CheckIncludeFile.c.o] Error 1
make[1]: Leaving directory '/mnt/d/GitLab_folder/Radar_and_application/application_usage/gmt-5.4.5/bin/CMakeFiles/CMakeTmp'
make: *** [Makefile:121: cmTC_74e28/fast] Error 2



Determining if the include file direct.h exists failed with the following output:
Change Dir: /mnt/d/GitLab_folder/Radar_and_application/application_usage/gmt-5.4.5/bin/CMakeFiles/CMakeTmp

Run Build Command(s):/usr/bin/make cmTC_85f89/fast && /usr/bin/make -f CMakeFiles/cmTC_85f89.dir/build.make CMakeFiles/cmTC_85f89.dir/build
make[1]: Entering directory '/mnt/d/GitLab_folder/Radar_and_application/application_usage/gmt-5.4.5/bin/CMakeFiles/CMakeTmp'
Building C object CMakeFiles/cmTC_85f89.dir/CheckIncludeFile.c.o
/usr/bin/cc   -std=gnu99     -o CMakeFiles/cmTC_85f89.dir/CheckIncludeFile.c.o   -c /mnt/d/GitLab_folder/Radar_and_application/application_usage/gmt-5.4.5/bin/CMakeFiles/CMakeTmp/CheckIncludeFile.c
/mnt/d/GitLab_folder/Radar_and_application/application_usage/gmt-5.4.5/bin/CMakeFiles/CMakeTmp/CheckIncludeFile.c:1:10: fatal error: direct.h: No such file or directory
    1 | #include <direct.h>
      |          ^~~~~~~~~~
compilation terminated.
make[1]: *** [CMakeFiles/cmTC_85f89.dir/build.make:66: CMakeFiles/cmTC_85f89.dir/CheckIncludeFile.c.o] Error 1
make[1]: Leaving directory '/mnt/d/GitLab_folder/Radar_and_application/application_usage/gmt-5.4.5/bin/CMakeFiles/CMakeTmp'
make: *** [Makefile:121: cmTC_85f89/fast] Error 2



Determining if the include file process.h exists failed with the following output:
Change Dir: /mnt/d/GitLab_folder/Radar_and_application/application_usage/gmt-5.4.5/bin/CMakeFiles/CMakeTmp

Run Build Command(s):/usr/bin/make cmTC_ad283/fast && /usr/bin/make -f CMakeFiles/cmTC_ad283.dir/build.make CMakeFiles/cmTC_ad283.dir/build
make[1]: Entering directory '/mnt/d/GitLab_folder/Radar_and_application/application_usage/gmt-5.4.5/bin/CMakeFiles/CMakeTmp'
Building C object CMakeFiles/cmTC_ad283.dir/CheckIncludeFile.c.o
/usr/bin/cc   -std=gnu99     -o CMakeFiles/cmTC_ad283.dir/CheckIncludeFile.c.o   -c /mnt/d/GitLab_folder/Radar_and_application/application_usage/gmt-5.4.5/bin/CMakeFiles/CMakeTmp/CheckIncludeFile.c
/mnt/d/GitLab_folder/Radar_and_application/application_usage/gmt-5.4.5/bin/CMakeFiles/CMakeTmp/CheckIncludeFile.c:1:10: fatal error: process.h: No such file or directory
    1 | #include <process.h>
      |          ^~~~~~~~~~~
compilation terminated.
make[1]: *** [CMakeFiles/cmTC_ad283.dir/build.make:66: CMakeFiles/cmTC_ad283.dir/CheckIncludeFile.c.o] Error 1
make[1]: Leaving directory '/mnt/d/GitLab_folder/Radar_and_application/application_usage/gmt-5.4.5/bin/CMakeFiles/CMakeTmp'
make: *** [Makefile:121: cmTC_ad283/fast] Error 2



Determining if the function stricmp exists failed with the following output:
Change Dir: /mnt/d/GitLab_folder/Radar_and_application/application_usage/gmt-5.4.5/bin/CMakeFiles/CMakeTmp

Run Build Command(s):/usr/bin/make cmTC_2e678/fast && /usr/bin/make -f CMakeFiles/cmTC_2e678.dir/build.make CMakeFiles/cmTC_2e678.dir/build
make[1]: Entering directory '/mnt/d/GitLab_folder/Radar_and_application/application_usage/gmt-5.4.5/bin/CMakeFiles/CMakeTmp'
Building C object CMakeFiles/cmTC_2e678.dir/CheckFunctionExists.c.o
/usr/bin/cc -D_GNU_SOURCE -D_LARGEFILE64_SOURCE -D_LARGEFILE_SOURCE -D__EXTENSIONS__  -std=gnu99  -DCHECK_FUNCTION_EXISTS=stricmp   -o CMakeFiles/cmTC_2e678.dir/CheckFunctionExists.c.o   -c /usr/share/cmake-3.15/Modules/CheckFunctionExists.c
Linking C executable cmTC_2e678
/usr/bin/cmake -E cmake_link_script CMakeFiles/cmTC_2e678.dir/link.txt --verbose=1
/usr/bin/cc -std=gnu99  -DCHECK_FUNCTION_EXISTS=stricmp    -rdynamic CMakeFiles/cmTC_2e678.dir/CheckFunctionExists.c.o  -o cmTC_2e678 
/usr/bin/ld: CMakeFiles/cmTC_2e678.dir/CheckFunctionExists.c.o: in function `main':
CheckFunctionExists.c:(.text+0x10): undefined reference to `stricmp'
collect2: error: ld returned 1 exit status
make[1]: *** [CMakeFiles/cmTC_2e678.dir/build.make:87: cmTC_2e678] Error 1
make[1]: Leaving directory '/mnt/d/GitLab_folder/Radar_and_application/application_usage/gmt-5.4.5/bin/CMakeFiles/CMakeTmp'
make: *** [Makefile:121: cmTC_2e678/fast] Error 2



Determining if the function strnicmp exists failed with the following output:
Change Dir: /mnt/d/GitLab_folder/Radar_and_application/application_usage/gmt-5.4.5/bin/CMakeFiles/CMakeTmp

Run Build Command(s):/usr/bin/make cmTC_2f38b/fast && /usr/bin/make -f CMakeFiles/cmTC_2f38b.dir/build.make CMakeFiles/cmTC_2f38b.dir/build
make[1]: Entering directory '/mnt/d/GitLab_folder/Radar_and_application/application_usage/gmt-5.4.5/bin/CMakeFiles/CMakeTmp'
Building C object CMakeFiles/cmTC_2f38b.dir/CheckFunctionExists.c.o
/usr/bin/cc -D_GNU_SOURCE -D_LARGEFILE64_SOURCE -D_LARGEFILE_SOURCE -D__EXTENSIONS__  -std=gnu99  -DCHECK_FUNCTION_EXISTS=strnicmp   -o CMakeFiles/cmTC_2f38b.dir/CheckFunctionExists.c.o   -c /usr/share/cmake-3.15/Modules/CheckFunctionExists.c
Linking C executable cmTC_2f38b
/usr/bin/cmake -E cmake_link_script CMakeFiles/cmTC_2f38b.dir/link.txt --verbose=1
/usr/bin/cc -std=gnu99  -DCHECK_FUNCTION_EXISTS=strnicmp    -rdynamic CMakeFiles/cmTC_2f38b.dir/CheckFunctionExists.c.o  -o cmTC_2f38b 
/usr/bin/ld: CMakeFiles/cmTC_2f38b.dir/CheckFunctionExists.c.o: in function `main':
CheckFunctionExists.c:(.text+0x10): undefined reference to `strnicmp'
collect2: error: ld returned 1 exit status
make[1]: *** [CMakeFiles/cmTC_2f38b.dir/build.make:87: cmTC_2f38b] Error 1
make[1]: Leaving directory '/mnt/d/GitLab_folder/Radar_and_application/application_usage/gmt-5.4.5/bin/CMakeFiles/CMakeTmp'
make: *** [Makefile:121: cmTC_2f38b/fast] Error 2



Determining if the function dlopen exists failed with the following output:
Change Dir: /mnt/d/GitLab_folder/Radar_and_application/application_usage/gmt-5.4.5/bin/CMakeFiles/CMakeTmp

Run Build Command(s):/usr/bin/make cmTC_02ead/fast && /usr/bin/make -f CMakeFiles/cmTC_02ead.dir/build.make CMakeFiles/cmTC_02ead.dir/build
make[1]: Entering directory '/mnt/d/GitLab_folder/Radar_and_application/application_usage/gmt-5.4.5/bin/CMakeFiles/CMakeTmp'
Building C object CMakeFiles/cmTC_02ead.dir/CheckFunctionExists.c.o
/usr/bin/cc -D_GNU_SOURCE -D_LARGEFILE64_SOURCE -D_LARGEFILE_SOURCE -D__EXTENSIONS__  -std=gnu99  -DCHECK_FUNCTION_EXISTS=dlopen   -o CMakeFiles/cmTC_02ead.dir/CheckFunctionExists.c.o   -c /usr/share/cmake-3.15/Modules/CheckFunctionExists.c
Linking C executable cmTC_02ead
/usr/bin/cmake -E cmake_link_script CMakeFiles/cmTC_02ead.dir/link.txt --verbose=1
/usr/bin/cc -std=gnu99  -DCHECK_FUNCTION_EXISTS=dlopen    -rdynamic CMakeFiles/cmTC_02ead.dir/CheckFunctionExists.c.o  -o cmTC_02ead 
/usr/bin/ld: CMakeFiles/cmTC_02ead.dir/CheckFunctionExists.c.o: in function `main':
CheckFunctionExists.c:(.text+0x10): undefined reference to `dlopen'
collect2: error: ld returned 1 exit status
make[1]: *** [CMakeFiles/cmTC_02ead.dir/build.make:87: cmTC_02ead] Error 1
make[1]: Leaving directory '/mnt/d/GitLab_folder/Radar_and_application/application_usage/gmt-5.4.5/bin/CMakeFiles/CMakeTmp'
make: *** [Makefile:121: cmTC_02ead/fast] Error 2



Performing C SOURCE FILE Test HAVE_SC_NPROC_ONLN failed with the following output:
Change Dir: /mnt/d/GitLab_folder/Radar_and_application/application_usage/gmt-5.4.5/bin/CMakeFiles/CMakeTmp

Run Build Command(s):/usr/bin/make cmTC_1b811/fast && /usr/bin/make -f CMakeFiles/cmTC_1b811.dir/build.make CMakeFiles/cmTC_1b811.dir/build
make[1]: Entering directory '/mnt/d/GitLab_folder/Radar_and_application/application_usage/gmt-5.4.5/bin/CMakeFiles/CMakeTmp'
Building C object CMakeFiles/cmTC_1b811.dir/src.c.o
/usr/bin/cc -D_GNU_SOURCE -D_LARGEFILE64_SOURCE -D_LARGEFILE_SOURCE -D__EXTENSIONS__  -std=gnu99  -DHAVE_SC_NPROC_ONLN   -o CMakeFiles/cmTC_1b811.dir/src.c.o   -c /mnt/d/GitLab_folder/Radar_and_application/application_usage/gmt-5.4.5/bin/CMakeFiles/CMakeTmp/src.c
/mnt/d/GitLab_folder/Radar_and_application/application_usage/gmt-5.4.5/bin/CMakeFiles/CMakeTmp/src.c: In function ‘main’:
/mnt/d/GitLab_folder/Radar_and_application/application_usage/gmt-5.4.5/bin/CMakeFiles/CMakeTmp/src.c:4:14: error: ‘_SC_NPROC_ONLN’ undeclared (first use in this function); did you mean ‘HAVE_SC_NPROC_ONLN’?
    4 |      sysconf(_SC_NPROC_ONLN);
      |              ^~~~~~~~~~~~~~
      |              HAVE_SC_NPROC_ONLN
/mnt/d/GitLab_folder/Radar_and_application/application_usage/gmt-5.4.5/bin/CMakeFiles/CMakeTmp/src.c:4:14: note: each undeclared identifier is reported only once for each function it appears in
make[1]: *** [CMakeFiles/cmTC_1b811.dir/build.make:66: CMakeFiles/cmTC_1b811.dir/src.c.o] Error 1
make[1]: Leaving directory '/mnt/d/GitLab_folder/Radar_and_application/application_usage/gmt-5.4.5/bin/CMakeFiles/CMakeTmp'
make: *** [Makefile:121: cmTC_1b811/fast] Error 2


Source file was:

			#include <unistd.h>
			int main() {
			  sysconf(_SC_NPROC_ONLN);
			}
			
Performing C SOURCE FILE Test HAVE_SYSCTL_HW_NCPU failed with the following output:
Change Dir: /mnt/d/GitLab_folder/Radar_and_application/application_usage/gmt-5.4.5/bin/CMakeFiles/CMakeTmp

Run Build Command(s):/usr/bin/make cmTC_ae4e9/fast && /usr/bin/make -f CMakeFiles/cmTC_ae4e9.dir/build.make CMakeFiles/cmTC_ae4e9.dir/build
make[1]: Entering directory '/mnt/d/GitLab_folder/Radar_and_application/application_usage/gmt-5.4.5/bin/CMakeFiles/CMakeTmp'
Building C object CMakeFiles/cmTC_ae4e9.dir/src.c.o
/usr/bin/cc -D_GNU_SOURCE -D_LARGEFILE64_SOURCE -D_LARGEFILE_SOURCE -D__EXTENSIONS__  -std=gnu99  -DHAVE_SYSCTL_HW_NCPU   -o CMakeFiles/cmTC_ae4e9.dir/src.c.o   -c /mnt/d/GitLab_folder/Radar_and_application/application_usage/gmt-5.4.5/bin/CMakeFiles/CMakeTmp/src.c
/mnt/d/GitLab_folder/Radar_and_application/application_usage/gmt-5.4.5/bin/CMakeFiles/CMakeTmp/src.c: In function ‘main’:
/mnt/d/GitLab_folder/Radar_and_application/application_usage/gmt-5.4.5/bin/CMakeFiles/CMakeTmp/src.c:7:19: error: ‘CTL_HW’ undeclared (first use in this function); did you mean ‘CTL_PM’?
    7 |     int mib[] = { CTL_HW, HW_NCPU };
      |                   ^~~~~~
      |                   CTL_PM
/mnt/d/GitLab_folder/Radar_and_application/application_usage/gmt-5.4.5/bin/CMakeFiles/CMakeTmp/src.c:7:19: note: each undeclared identifier is reported only once for each function it appears in
/mnt/d/GitLab_folder/Radar_and_application/application_usage/gmt-5.4.5/bin/CMakeFiles/CMakeTmp/src.c:7:27: error: ‘HW_NCPU’ undeclared (first use in this function)
    7 |     int mib[] = { CTL_HW, HW_NCPU };
      |                           ^~~~~~~
make[1]: *** [CMakeFiles/cmTC_ae4e9.dir/build.make:66: CMakeFiles/cmTC_ae4e9.dir/src.c.o] Error 1
make[1]: Leaving directory '/mnt/d/GitLab_folder/Radar_and_application/application_usage/gmt-5.4.5/bin/CMakeFiles/CMakeTmp'
make: *** [Makefile:121: cmTC_ae4e9/fast] Error 2


Source file was:

		#include <stddef.h>
		#include <sys/sysctl.h>
		int main () {
		  int count;
		  size_t size = sizeof(count);
		  int mib[] = { CTL_HW, HW_NCPU };
		  sysctl(mib, 2, &count, &size, NULL, 0);
		}
		
Determining size of bool failed with the following output:
Change Dir: /mnt/d/GitLab_folder/Radar_and_application/application_usage/gmt-5.4.5/bin/CMakeFiles/CMakeTmp

Run Build Command(s):/usr/bin/make cmTC_8926e/fast && /usr/bin/make -f CMakeFiles/cmTC_8926e.dir/build.make CMakeFiles/cmTC_8926e.dir/build
make[1]: Entering directory '/mnt/d/GitLab_folder/Radar_and_application/application_usage/gmt-5.4.5/bin/CMakeFiles/CMakeTmp'
Building C object CMakeFiles/cmTC_8926e.dir/SIZEOF_BOOL.c.o
/usr/bin/cc -D_GNU_SOURCE -D_LARGEFILE64_SOURCE -D_LARGEFILE_SOURCE -D__EXTENSIONS__  -std=gnu99     -o CMakeFiles/cmTC_8926e.dir/SIZEOF_BOOL.c.o   -c /mnt/d/GitLab_folder/Radar_and_application/application_usage/gmt-5.4.5/bin/CMakeFiles/CheckTypeSize/SIZEOF_BOOL.c
/mnt/d/GitLab_folder/Radar_and_application/application_usage/gmt-5.4.5/bin/CMakeFiles/CheckTypeSize/SIZEOF_BOOL.c:23:22: error: ‘bool’ undeclared here (not in a function)
   23 | #define SIZE (sizeof(bool))
      |                      ^~~~
/mnt/d/GitLab_folder/Radar_and_application/application_usage/gmt-5.4.5/bin/CMakeFiles/CheckTypeSize/SIZEOF_BOOL.c:25:12: note: in expansion of macro ‘SIZE’
   25 |   ('0' + ((SIZE / 10000)%10)),
      |            ^~~~
make[1]: *** [CMakeFiles/cmTC_8926e.dir/build.make:66: CMakeFiles/cmTC_8926e.dir/SIZEOF_BOOL.c.o] Error 1
make[1]: Leaving directory '/mnt/d/GitLab_folder/Radar_and_application/application_usage/gmt-5.4.5/bin/CMakeFiles/CMakeTmp'
make: *** [Makefile:121: cmTC_8926e/fast] Error 2


/mnt/d/GitLab_folder/Radar_and_application/application_usage/gmt-5.4.5/bin/CMakeFiles/CheckTypeSize/SIZEOF_BOOL.c:
#include <sys/types.h>
#include <stdint.h>
#include <stddef.h>


#undef KEY
#if defined(__i386)
# define KEY '_','_','i','3','8','6'
#elif defined(__x86_64)
# define KEY '_','_','x','8','6','_','6','4'
#elif defined(__ppc__)
# define KEY '_','_','p','p','c','_','_'
#elif defined(__ppc64__)
# define KEY '_','_','p','p','c','6','4','_','_'
#elif defined(__aarch64__)
# define KEY '_','_','a','a','r','c','h','6','4','_','_'
#elif defined(__ARM_ARCH_7A__)
# define KEY '_','_','A','R','M','_','A','R','C','H','_','7','A','_','_'
#elif defined(__ARM_ARCH_7S__)
# define KEY '_','_','A','R','M','_','A','R','C','H','_','7','S','_','_'
#endif

#define SIZE (sizeof(bool))
static char info_size[] =  {'I', 'N', 'F', 'O', ':', 's','i','z','e','[',
  ('0' + ((SIZE / 10000)%10)),
  ('0' + ((SIZE / 1000)%10)),
  ('0' + ((SIZE / 100)%10)),
  ('0' + ((SIZE / 10)%10)),
  ('0' +  (SIZE    % 10)),
  ']',
#ifdef KEY
  ' ','k','e','y','[', KEY, ']',
#endif
  '\0'};

#ifdef __CLASSIC_C__
int main(argc, argv) int argc; char *argv[];
#else
int main(int argc, char *argv[])
#endif
{
  int require = 0;
  require += info_size[argc];
  (void)argv;
  return require;
}


Determining if the include file floatingpoint.h exists failed with the following output:
Change Dir: /mnt/d/GitLab_folder/Radar_and_application/application_usage/gmt-5.4.5/bin/CMakeFiles/CMakeTmp

Run Build Command(s):/usr/bin/make cmTC_995c8/fast && /usr/bin/make -f CMakeFiles/cmTC_995c8.dir/build.make CMakeFiles/cmTC_995c8.dir/build
make[1]: Entering directory '/mnt/d/GitLab_folder/Radar_and_application/application_usage/gmt-5.4.5/bin/CMakeFiles/CMakeTmp'
Building C object CMakeFiles/cmTC_995c8.dir/CheckIncludeFile.c.o
/usr/bin/cc -D_GNU_SOURCE -D_LARGEFILE64_SOURCE -D_LARGEFILE_SOURCE -D__EXTENSIONS__  -std=gnu99     -o CMakeFiles/cmTC_995c8.dir/CheckIncludeFile.c.o   -c /mnt/d/GitLab_folder/Radar_and_application/application_usage/gmt-5.4.5/bin/CMakeFiles/CMakeTmp/CheckIncludeFile.c
/mnt/d/GitLab_folder/Radar_and_application/application_usage/gmt-5.4.5/bin/CMakeFiles/CMakeTmp/CheckIncludeFile.c:1:10: fatal error: floatingpoint.h: No such file or directory
    1 | #include <floatingpoint.h>
      |          ^~~~~~~~~~~~~~~~~
compilation terminated.
make[1]: *** [CMakeFiles/cmTC_995c8.dir/build.make:66: CMakeFiles/cmTC_995c8.dir/CheckIncludeFile.c.o] Error 1
make[1]: Leaving directory '/mnt/d/GitLab_folder/Radar_and_application/application_usage/gmt-5.4.5/bin/CMakeFiles/CMakeTmp'
make: *** [Makefile:121: cmTC_995c8/fast] Error 2



Determining if the include file ieeefp.h exists failed with the following output:
Change Dir: /mnt/d/GitLab_folder/Radar_and_application/application_usage/gmt-5.4.5/bin/CMakeFiles/CMakeTmp

Run Build Command(s):/usr/bin/make cmTC_23114/fast && /usr/bin/make -f CMakeFiles/cmTC_23114.dir/build.make CMakeFiles/cmTC_23114.dir/build
make[1]: Entering directory '/mnt/d/GitLab_folder/Radar_and_application/application_usage/gmt-5.4.5/bin/CMakeFiles/CMakeTmp'
Building C object CMakeFiles/cmTC_23114.dir/CheckIncludeFile.c.o
/usr/bin/cc -D_GNU_SOURCE -D_LARGEFILE64_SOURCE -D_LARGEFILE_SOURCE -D__EXTENSIONS__  -std=gnu99     -o CMakeFiles/cmTC_23114.dir/CheckIncludeFile.c.o   -c /mnt/d/GitLab_folder/Radar_and_application/application_usage/gmt-5.4.5/bin/CMakeFiles/CMakeTmp/CheckIncludeFile.c
/mnt/d/GitLab_folder/Radar_and_application/application_usage/gmt-5.4.5/bin/CMakeFiles/CMakeTmp/CheckIncludeFile.c:1:10: fatal error: ieeefp.h: No such file or directory
    1 | #include <ieeefp.h>
      |          ^~~~~~~~~~
compilation terminated.
make[1]: *** [CMakeFiles/cmTC_23114.dir/build.make:66: CMakeFiles/cmTC_23114.dir/CheckIncludeFile.c.o] Error 1
make[1]: Leaving directory '/mnt/d/GitLab_folder/Radar_and_application/application_usage/gmt-5.4.5/bin/CMakeFiles/CMakeTmp'
make: *** [Makefile:121: cmTC_23114/fast] Error 2



Determining if the function cos exists failed with the following output:
Change Dir: /mnt/d/GitLab_folder/Radar_and_application/application_usage/gmt-5.4.5/bin/CMakeFiles/CMakeTmp

Run Build Command(s):/usr/bin/make cmTC_83d2e/fast && /usr/bin/make -f CMakeFiles/cmTC_83d2e.dir/build.make CMakeFiles/cmTC_83d2e.dir/build
make[1]: Entering directory '/mnt/d/GitLab_folder/Radar_and_application/application_usage/gmt-5.4.5/bin/CMakeFiles/CMakeTmp'
Building C object CMakeFiles/cmTC_83d2e.dir/CheckFunctionExists.c.o
/usr/bin/cc -D_GNU_SOURCE -D_LARGEFILE64_SOURCE -D_LARGEFILE_SOURCE -D__EXTENSIONS__  -std=gnu99  -DCHECK_FUNCTION_EXISTS=cos   -o CMakeFiles/cmTC_83d2e.dir/CheckFunctionExists.c.o   -c /usr/share/cmake-3.15/Modules/CheckFunctionExists.c
<command-line>: warning: conflicting types for built-in function ‘cos’; expected ‘double(double)’ [-Wbuiltin-declaration-mismatch]
/usr/share/cmake-3.15/Modules/CheckFunctionExists.c:7:3: note: in expansion of macro ‘CHECK_FUNCTION_EXISTS’
    7 |   CHECK_FUNCTION_EXISTS(void);
      |   ^~~~~~~~~~~~~~~~~~~~~
/usr/share/cmake-3.15/Modules/CheckFunctionExists.c:1:1: note: ‘cos’ is declared in header ‘<math.h>’
  +++ |+#include <math.h>
    1 | #ifdef CHECK_FUNCTION_EXISTS
Linking C executable cmTC_83d2e
/usr/bin/cmake -E cmake_link_script CMakeFiles/cmTC_83d2e.dir/link.txt --verbose=1
/usr/bin/cc -std=gnu99  -DCHECK_FUNCTION_EXISTS=cos    -rdynamic CMakeFiles/cmTC_83d2e.dir/CheckFunctionExists.c.o  -o cmTC_83d2e 
/usr/bin/ld: CMakeFiles/cmTC_83d2e.dir/CheckFunctionExists.c.o: in function `main':
CheckFunctionExists.c:(.text+0x10): undefined reference to `cos'
collect2: error: ld returned 1 exit status
make[1]: *** [CMakeFiles/cmTC_83d2e.dir/build.make:87: cmTC_83d2e] Error 1
make[1]: Leaving directory '/mnt/d/GitLab_folder/Radar_and_application/application_usage/gmt-5.4.5/bin/CMakeFiles/CMakeTmp'
make: *** [Makefile:121: cmTC_83d2e/fast] Error 2



Determining if the isnand exist failed with the following output:
Change Dir: /mnt/d/GitLab_folder/Radar_and_application/application_usage/gmt-5.4.5/bin/CMakeFiles/CMakeTmp

Run Build Command(s):/usr/bin/make cmTC_84cc7/fast && /usr/bin/make -f CMakeFiles/cmTC_84cc7.dir/build.make CMakeFiles/cmTC_84cc7.dir/build
make[1]: Entering directory '/mnt/d/GitLab_folder/Radar_and_application/application_usage/gmt-5.4.5/bin/CMakeFiles/CMakeTmp'
Building C object CMakeFiles/cmTC_84cc7.dir/CheckSymbolExists.c.o
/usr/bin/cc -D_GNU_SOURCE -D_LARGEFILE64_SOURCE -D_LARGEFILE_SOURCE -D__EXTENSIONS__  -std=gnu99     -o CMakeFiles/cmTC_84cc7.dir/CheckSymbolExists.c.o   -c /mnt/d/GitLab_folder/Radar_and_application/application_usage/gmt-5.4.5/bin/CMakeFiles/CMakeTmp/CheckSymbolExists.c
/mnt/d/GitLab_folder/Radar_and_application/application_usage/gmt-5.4.5/bin/CMakeFiles/CMakeTmp/CheckSymbolExists.c: In function ‘main’:
/mnt/d/GitLab_folder/Radar_and_application/application_usage/gmt-5.4.5/bin/CMakeFiles/CMakeTmp/CheckSymbolExists.c:9:19: error: ‘isnand’ undeclared (first use in this function); did you mean ‘isnanl’?
    9 |   return ((int*)(&isnand))[argc];
      |                   ^~~~~~
      |                   isnanl
/mnt/d/GitLab_folder/Radar_and_application/application_usage/gmt-5.4.5/bin/CMakeFiles/CMakeTmp/CheckSymbolExists.c:9:19: note: each undeclared identifier is reported only once for each function it appears in
make[1]: *** [CMakeFiles/cmTC_84cc7.dir/build.make:66: CMakeFiles/cmTC_84cc7.dir/CheckSymbolExists.c.o] Error 1
make[1]: Leaving directory '/mnt/d/GitLab_folder/Radar_and_application/application_usage/gmt-5.4.5/bin/CMakeFiles/CMakeTmp'
make: *** [Makefile:121: cmTC_84cc7/fast] Error 2


File /mnt/d/GitLab_folder/Radar_and_application/application_usage/gmt-5.4.5/bin/CMakeFiles/CMakeTmp/CheckSymbolExists.c:
/* */
#include <math.h>
#include <float.h>

int main(int argc, char** argv)
{
  (void)argv;
#ifndef isnand
  return ((int*)(&isnand))[argc];
#else
  (void)argc;
  return 0;
#endif
}

